Using pre-set license
Built from '2020.3/staging' branch; Version is '2020.3.9f1 (108be757e447) revision 1084391'; Using compiler version '192528614'; Build Type 'Release'
OS: 'Windows 10 Pro; OS build 19044.2364; Version 2009; 64bit' Language: 'ko' Physical Memory: 16243 MB
BatchMode: 1, IsHumanControllingUs: 0, StartBugReporterOnCrash: 0, Is64bit: 1, IsPro: 0

 COMMAND LINE ARGUMENTS:
C:\Program Files\Unity\Hub\Editor\2020.3.9f1\Editor\Unity.exe
-adb2
-batchMode
-noUpm
-name
AssetImportWorker0
-projectPath
D:/GitHub/Sea Me
-logFile
Logs/AssetImportWorker0.log
-srvPort
58899
Successfully changed project path to: D:/GitHub/Sea Me
D:/GitHub/Sea Me
Using Asset Import Pipeline V2.
Refreshing native plugins compatible for Editor in 38.83 ms, found 4 plugins.
Preloading 0 native plugins for Editor in 0.00 ms.
Initialize engine version: 2020.3.9f1 (108be757e447)
[Subsystems] Discovering subsystems at path C:/Program Files/Unity/Hub/Editor/2020.3.9f1/Editor/Data/Resources/UnitySubsystems
[Subsystems] Discovering subsystems at path D:/GitHub/Sea Me/Assets
GfxDevice: creating device client; threaded=0
Direct3D:
    Version:  Direct3D 11.0 [level 11.1]
    Renderer: NVIDIA GeForce RTX 3060 (ID=0x2487)
    Vendor:   
    VRAM:     12137 MB
    Driver:   31.0.15.1694
Initialize mono
Mono path[0] = 'C:/Program Files/Unity/Hub/Editor/2020.3.9f1/Editor/Data/Managed'
Mono path[1] = 'C:/Program Files/Unity/Hub/Editor/2020.3.9f1/Editor/Data/MonoBleedingEdge/lib/mono/unityjit'
Mono config path = 'C:/Program Files/Unity/Hub/Editor/2020.3.9f1/Editor/Data/MonoBleedingEdge/etc'
Using monoOptions --debugger-agent=transport=dt_socket,embedding=1,server=y,suspend=n,address=127.0.0.1:56476
Begin MonoManager ReloadAssembly
Registering precompiled unity dll's ...
Register platform support module: C:/Program Files/Unity/Hub/Editor/2020.3.9f1/Editor/Data/PlaybackEngines/WindowsStandaloneSupport/UnityEditor.WindowsStandalone.Extensions.dll
Registered in 0.002310 seconds.
Native extension for WindowsStandalone target not found
Refreshing native plugins compatible for Editor in 28.05 ms, found 4 plugins.
Preloading 0 native plugins for Editor in 0.00 ms.
Mono: successfully reloaded assembly
- Completed reload, in  0.776 seconds
Platform modules already initialized, skipping
Registering precompiled user dll's ...
Registered in 0.014172 seconds.
Begin MonoManager ReloadAssembly
Native extension for WindowsStandalone target not found
Refreshing native plugins compatible for Editor in 28.57 ms, found 4 plugins.
Preloading 0 native plugins for Editor in 0.00 ms.
System.NullReferenceException: Object reference not set to an instance of an object
  at ZEPETO.World.Editor.WorldEditorSettings.IsZaizai () [0x00014] in <6925c5d79585440db34f9ddf9d7d619d>:0 
  at ZEPETO.World.Editor.WorldEditorSettings.SelectDevelopment () [0x00000] in <6925c5d79585440db34f9ddf9d7d619d>:0 
  at ZEPETO.World.Editor.WorldEditorSettings.get_Development () [0x0000d] in <6925c5d79585440db34f9ddf9d7d619d>:0 
  at ZEPETO.World.Editor.WorldEditorSettings.get_BuiltinSettings () [0x00000] in <6925c5d79585440db34f9ddf9d7d619d>:0 
  at ZEPETO.World.Editor.WorldEditorSettings.get_ActiveSetting () [0x00023] in <6925c5d79585440db34f9ddf9d7d619d>:0 
  at ZEPETO.World.Common.APIHostEditor..ctor () [0x00006] in <1a219a6a8cd249cba8ce1420b658e55e>:0 
  at ZEPETO.World.Common.APIHostInitializer..cctor () [0x00000] in <1a219a6a8cd249cba8ce1420b658e55e>:0 
UnityEngine.StackTraceUtility:ExtractStackTrace ()
UnityEngine.DebugLogHandler:LogFormat (UnityEngine.LogType,UnityEngine.Object,string,object[])
UnityEngine.Logger:Log (UnityEngine.LogType,object)
UnityEngine.Debug:LogError (object)
UnityEditor.EditorAssemblies:ProcessInitializeOnLoadAttributes (System.Type[])

NullReferenceException: Object reference not set to an instance of an object
  at ZEPETO.World.Editor.WorldEditorSettings.IsZaizai () [0x00014] in <6925c5d79585440db34f9ddf9d7d619d>:0 
  at ZEPETO.World.Editor.WorldEditorSettings.SelectDevelopment () [0x00000] in <6925c5d79585440db34f9ddf9d7d619d>:0 
  at ZEPETO.World.Editor.WorldEditorSettings.get_Development () [0x0000d] in <6925c5d79585440db34f9ddf9d7d619d>:0 
  at ZEPETO.World.Editor.WorldEditorSettings.get_BuiltinSettings () [0x00000] in <6925c5d79585440db34f9ddf9d7d619d>:0 
  at ZEPETO.World.Editor.WorldEditorSettings.get_ActiveSetting () [0x00023] in <6925c5d79585440db34f9ddf9d7d619d>:0 
  at ZEPETO.World.Editor.WorldEnvironmentInitializer.MultiplaySettingInitialize () [0x00000] in <b7e804905f82492689de926bcbeea70f>:0 
  at ZEPETO.World.Editor.WorldEnvironmentInitializer.InitializeOnLoadMethod () [0x00033] in <b7e804905f82492689de926bcbeea70f>:0 

NullReferenceException: Object reference not set to an instance of an object
  at ZEPETO.World.Editor.WorldEditorSettings.IsZaizai () [0x00014] in <6925c5d79585440db34f9ddf9d7d619d>:0 
  at ZEPETO.World.Editor.WorldEditorSettings.SelectDevelopment () [0x00000] in <6925c5d79585440db34f9ddf9d7d619d>:0 
  at ZEPETO.World.Editor.WorldEditorSettings.get_Development () [0x0000d] in <6925c5d79585440db34f9ddf9d7d619d>:0 
  at ZEPETO.World.Editor.WorldEditorSettings.get_BuiltinSettings () [0x00000] in <6925c5d79585440db34f9ddf9d7d619d>:0 
  at ZEPETO.World.Editor.WorldEditorSettings.get_ActiveSetting () [0x00023] in <6925c5d79585440db34f9ddf9d7d619d>:0 
  at ZEPETO.World.Editor.ForbiddenTypes.LoadForbiddenTypes () [0x0000a] in <b7e804905f82492689de926bcbeea70f>:0 
  at ZEPETO.World.Editor.ForbiddenTypes.Initialize () [0x00047] in <b7e804905f82492689de926bcbeea70f>:0 

NullReferenceException: Object reference not set to an instance of an object
  at ZEPETO.World.Editor.WorldPackageEditorUtils.GetDeserializedWorldPackageInfo () [0x00014] in <b7e804905f82492689de926bcbeea70f>:0 
  at ZEPETO.World.Editor.WorldPackageEditorUtils.GetFieldValue[T] (System.String field) [0x00000] in <b7e804905f82492689de926bcbeea70f>:0 
  at ZEPETO.World.Editor.WorldPackageEditorUtils.get_ZepetoMinVersion () [0x00000] in <b7e804905f82492689de926bcbeea70f>:0 
  at ZEPETO.World.Editor.Editor.WorldEditorInitializer.EditorInitializer () [0x00000] in <b7e804905f82492689de926bcbeea70f>:0 

Mono: successfully reloaded assembly
- Completed reload, in  0.749 seconds
Platform modules already initialized, skipping
========================================================================
Worker process is ready to serve import requests
Launched and connected shader compiler UnityShaderCompiler.exe after 0.03 seconds
Refreshing native plugins compatible for Editor in 0.48 ms, found 4 plugins.
Preloading 0 native plugins for Editor in 0.00 ms.
Unloading 1894 Unused Serialized files (Serialized files now loaded: 0)
System memory in use before: 96.0 MB.
System memory in use after: 96.1 MB.

Unloading 80 unused Assets to reduce memory usage. Loaded Objects now: 2423.
Total: 1.363300 ms (FindLiveObjects: 0.099600 ms CreateObjectMapping: 0.029200 ms MarkObjects: 1.169400 ms  DeleteObjects: 0.064400 ms)

========================================================================
Received Import Request.
  path: Assets/SampleScript.ts
  artifactKey: Guid(3d25bf9424e714998970af8697d33163) Importer(815301076,1909f56bfc062723c751e8b465ee728b)
Start importing Assets/SampleScript.ts using Guid(3d25bf9424e714998970af8697d33163) Importer(815301076,1909f56bfc062723c751e8b465ee728b)  -> (artifact id: '34a11b5d1788518365ee7ab2641aae17') in 0.048699 seconds
  Import took 0.050879 seconds .

========================================================================
Received Prepare
Registering precompiled user dll's ...
Registered in 0.014168 seconds.
Begin MonoManager ReloadAssembly
Native extension for WindowsStandalone target not found
Refreshing native plugins compatible for Editor in 0.50 ms, found 4 plugins.
Preloading 0 native plugins for Editor in 0.00 ms.
System.NullReferenceException: Object reference not set to an instance of an object
  at ZEPETO.World.Editor.WorldEditorSettings.IsZaizai () [0x00014] in <6925c5d79585440db34f9ddf9d7d619d>:0 
  at ZEPETO.World.Editor.WorldEditorSettings.SelectDevelopment () [0x00000] in <6925c5d79585440db34f9ddf9d7d619d>:0 
  at ZEPETO.World.Editor.WorldEditorSettings.get_Development () [0x0000d] in <6925c5d79585440db34f9ddf9d7d619d>:0 
  at ZEPETO.World.Editor.WorldEditorSettings.get_BuiltinSettings () [0x00000] in <6925c5d79585440db34f9ddf9d7d619d>:0 
  at ZEPETO.World.Editor.WorldEditorSettings.get_ActiveSetting () [0x00023] in <6925c5d79585440db34f9ddf9d7d619d>:0 
  at ZEPETO.World.Common.APIHostEditor..ctor () [0x00006] in <1a219a6a8cd249cba8ce1420b658e55e>:0 
  at ZEPETO.World.Common.APIHostInitializer..cctor () [0x00000] in <1a219a6a8cd249cba8ce1420b658e55e>:0 
UnityEngine.StackTraceUtility:ExtractStackTrace ()
UnityEngine.DebugLogHandler:LogFormat (UnityEngine.LogType,UnityEngine.Object,string,object[])
UnityEngine.Logger:Log (UnityEngine.LogType,object)
UnityEngine.Debug:LogError (object)
UnityEditor.EditorAssemblies:ProcessInitializeOnLoadAttributes (System.Type[])

NullReferenceException: Object reference not set to an instance of an object
  at ZEPETO.World.Editor.WorldEditorSettings.IsZaizai () [0x00014] in <6925c5d79585440db34f9ddf9d7d619d>:0 
  at ZEPETO.World.Editor.WorldEditorSettings.SelectDevelopment () [0x00000] in <6925c5d79585440db34f9ddf9d7d619d>:0 
  at ZEPETO.World.Editor.WorldEditorSettings.get_Development () [0x0000d] in <6925c5d79585440db34f9ddf9d7d619d>:0 
  at ZEPETO.World.Editor.WorldEditorSettings.get_BuiltinSettings () [0x00000] in <6925c5d79585440db34f9ddf9d7d619d>:0 
  at ZEPETO.World.Editor.WorldEditorSettings.get_ActiveSetting () [0x00023] in <6925c5d79585440db34f9ddf9d7d619d>:0 
  at ZEPETO.World.Editor.WorldEnvironmentInitializer.MultiplaySettingInitialize () [0x00000] in <b7e804905f82492689de926bcbeea70f>:0 
  at ZEPETO.World.Editor.WorldEnvironmentInitializer.InitializeOnLoadMethod () [0x00033] in <b7e804905f82492689de926bcbeea70f>:0 

NullReferenceException: Object reference not set to an instance of an object
  at ZEPETO.World.Editor.WorldEditorSettings.IsZaizai () [0x00014] in <6925c5d79585440db34f9ddf9d7d619d>:0 
  at ZEPETO.World.Editor.WorldEditorSettings.SelectDevelopment () [0x00000] in <6925c5d79585440db34f9ddf9d7d619d>:0 
  at ZEPETO.World.Editor.WorldEditorSettings.get_Development () [0x0000d] in <6925c5d79585440db34f9ddf9d7d619d>:0 
  at ZEPETO.World.Editor.WorldEditorSettings.get_BuiltinSettings () [0x00000] in <6925c5d79585440db34f9ddf9d7d619d>:0 
  at ZEPETO.World.Editor.WorldEditorSettings.get_ActiveSetting () [0x00023] in <6925c5d79585440db34f9ddf9d7d619d>:0 
  at ZEPETO.World.Editor.ForbiddenTypes.LoadForbiddenTypes () [0x0000a] in <b7e804905f82492689de926bcbeea70f>:0 
  at ZEPETO.World.Editor.ForbiddenTypes.Initialize () [0x00047] in <b7e804905f82492689de926bcbeea70f>:0 

NullReferenceException: Object reference not set to an instance of an object
  at ZEPETO.World.Editor.WorldPackageEditorUtils.GetDeserializedWorldPackageInfo () [0x00014] in <b7e804905f82492689de926bcbeea70f>:0 
  at ZEPETO.World.Editor.WorldPackageEditorUtils.GetFieldValue[T] (System.String field) [0x00000] in <b7e804905f82492689de926bcbeea70f>:0 
  at ZEPETO.World.Editor.WorldPackageEditorUtils.get_ZepetoMinVersion () [0x00000] in <b7e804905f82492689de926bcbeea70f>:0 
  at ZEPETO.World.Editor.Editor.WorldEditorInitializer.EditorInitializer () [0x00000] in <b7e804905f82492689de926bcbeea70f>:0 

Mono: successfully reloaded assembly
- Completed reload, in  0.676 seconds
Platform modules already initialized, skipping
Refreshing native plugins compatible for Editor in 0.53 ms, found 4 plugins.
Preloading 0 native plugins for Editor in 0.00 ms.
Unloading 1841 Unused Serialized files (Serialized files now loaded: 0)
System memory in use before: 91.4 MB.
System memory in use after: 91.5 MB.

Unloading 73 unused Assets to reduce memory usage. Loaded Objects now: 2427.
Total: 1.272700 ms (FindLiveObjects: 0.098600 ms CreateObjectMapping: 0.029400 ms MarkObjects: 1.118600 ms  DeleteObjects: 0.025400 ms)

========================================================================
Received Import Request.
  Time since last request: 102.157824 seconds.
  path: Assets/SampleScene.unity
  artifactKey: Guid(4950a937a613549baa198138952cae55) Importer(815301076,1909f56bfc062723c751e8b465ee728b)
Start importing Assets/SampleScene.unity using Guid(4950a937a613549baa198138952cae55) Importer(815301076,1909f56bfc062723c751e8b465ee728b)  -> (artifact id: '19ab4ebce491d87e011d172a092632df') in 0.011788 seconds
  Import took 0.014473 seconds .

========================================================================
Received Prepare
Registering precompiled user dll's ...
Registered in 0.014405 seconds.
Begin MonoManager ReloadAssembly
Native extension for WindowsStandalone target not found
Refreshing native plugins compatible for Editor in 0.51 ms, found 4 plugins.
Preloading 0 native plugins for Editor in 0.00 ms.
System.NullReferenceException: Object reference not set to an instance of an object
  at ZEPETO.World.Editor.WorldEditorSettings.IsZaizai () [0x00014] in <6925c5d79585440db34f9ddf9d7d619d>:0 
  at ZEPETO.World.Editor.WorldEditorSettings.SelectDevelopment () [0x00000] in <6925c5d79585440db34f9ddf9d7d619d>:0 
  at ZEPETO.World.Editor.WorldEditorSettings.get_Development () [0x0000d] in <6925c5d79585440db34f9ddf9d7d619d>:0 
  at ZEPETO.World.Editor.WorldEditorSettings.get_BuiltinSettings () [0x00000] in <6925c5d79585440db34f9ddf9d7d619d>:0 
  at ZEPETO.World.Editor.WorldEditorSettings.get_ActiveSetting () [0x00023] in <6925c5d79585440db34f9ddf9d7d619d>:0 
  at ZEPETO.World.Common.APIHostEditor..ctor () [0x00006] in <1a219a6a8cd249cba8ce1420b658e55e>:0 
  at ZEPETO.World.Common.APIHostInitializer..cctor () [0x00000] in <1a219a6a8cd249cba8ce1420b658e55e>:0 
UnityEngine.StackTraceUtility:ExtractStackTrace ()
UnityEngine.DebugLogHandler:LogFormat (UnityEngine.LogType,UnityEngine.Object,string,object[])
UnityEngine.Logger:Log (UnityEngine.LogType,object)
UnityEngine.Debug:LogError (object)
UnityEditor.EditorAssemblies:ProcessInitializeOnLoadAttributes (System.Type[])

NullReferenceException: Object reference not set to an instance of an object
  at ZEPETO.World.Editor.WorldEditorSettings.IsZaizai () [0x00014] in <6925c5d79585440db34f9ddf9d7d619d>:0 
  at ZEPETO.World.Editor.WorldEditorSettings.SelectDevelopment () [0x00000] in <6925c5d79585440db34f9ddf9d7d619d>:0 
  at ZEPETO.World.Editor.WorldEditorSettings.get_Development () [0x0000d] in <6925c5d79585440db34f9ddf9d7d619d>:0 
  at ZEPETO.World.Editor.WorldEditorSettings.get_BuiltinSettings () [0x00000] in <6925c5d79585440db34f9ddf9d7d619d>:0 
  at ZEPETO.World.Editor.WorldEditorSettings.get_ActiveSetting () [0x00023] in <6925c5d79585440db34f9ddf9d7d619d>:0 
  at ZEPETO.World.Editor.WorldEnvironmentInitializer.MultiplaySettingInitialize () [0x00000] in <b7e804905f82492689de926bcbeea70f>:0 
  at ZEPETO.World.Editor.WorldEnvironmentInitializer.InitializeOnLoadMethod () [0x00033] in <b7e804905f82492689de926bcbeea70f>:0 

NullReferenceException: Object reference not set to an instance of an object
  at ZEPETO.World.Editor.WorldEditorSettings.IsZaizai () [0x00014] in <6925c5d79585440db34f9ddf9d7d619d>:0 
  at ZEPETO.World.Editor.WorldEditorSettings.SelectDevelopment () [0x00000] in <6925c5d79585440db34f9ddf9d7d619d>:0 
  at ZEPETO.World.Editor.WorldEditorSettings.get_Development () [0x0000d] in <6925c5d79585440db34f9ddf9d7d619d>:0 
  at ZEPETO.World.Editor.WorldEditorSettings.get_BuiltinSettings () [0x00000] in <6925c5d79585440db34f9ddf9d7d619d>:0 
  at ZEPETO.World.Editor.WorldEditorSettings.get_ActiveSetting () [0x00023] in <6925c5d79585440db34f9ddf9d7d619d>:0 
  at ZEPETO.World.Editor.ForbiddenTypes.LoadForbiddenTypes () [0x0000a] in <b7e804905f82492689de926bcbeea70f>:0 
  at ZEPETO.World.Editor.ForbiddenTypes.Initialize () [0x00047] in <b7e804905f82492689de926bcbeea70f>:0 

NullReferenceException: Object reference not set to an instance of an object
  at ZEPETO.World.Editor.WorldPackageEditorUtils.GetDeserializedWorldPackageInfo () [0x00014] in <b7e804905f82492689de926bcbeea70f>:0 
  at ZEPETO.World.Editor.WorldPackageEditorUtils.GetFieldValue[T] (System.String field) [0x00000] in <b7e804905f82492689de926bcbeea70f>:0 
  at ZEPETO.World.Editor.WorldPackageEditorUtils.get_ZepetoMinVersion () [0x00000] in <b7e804905f82492689de926bcbeea70f>:0 
  at ZEPETO.World.Editor.Editor.WorldEditorInitializer.EditorInitializer () [0x00000] in <b7e804905f82492689de926bcbeea70f>:0 

Mono: successfully reloaded assembly
- Completed reload, in  0.683 seconds
Platform modules already initialized, skipping
Refreshing native plugins compatible for Editor in 0.50 ms, found 4 plugins.
Preloading 0 native plugins for Editor in 0.00 ms.
Unloading 1841 Unused Serialized files (Serialized files now loaded: 0)
System memory in use before: 91.5 MB.
System memory in use after: 91.6 MB.

Unloading 73 unused Assets to reduce memory usage. Loaded Objects now: 2430.
Total: 1.273600 ms (FindLiveObjects: 0.099400 ms CreateObjectMapping: 0.028200 ms MarkObjects: 1.119400 ms  DeleteObjects: 0.025700 ms)

========================================================================
Received Import Request.
  Time since last request: 17.887648 seconds.
  path: Assets
  artifactKey: Guid(00000000000000001000000000000000) Importer(815301076,1909f56bfc062723c751e8b465ee728b)
Start importing Assets using Guid(00000000000000001000000000000000) Importer(815301076,1909f56bfc062723c751e8b465ee728b)  -> (artifact id: '42d402b061de3733987d63b9cc3b64de') in 0.004169 seconds
  Import took 0.006297 seconds .

========================================================================
Received Import Request.
  Time since last request: 7.984726 seconds.
  path: Assets/01.Scenes
  artifactKey: Guid(f7cb1cae95f5b90419d7692bf0b56095) Importer(815301076,1909f56bfc062723c751e8b465ee728b)
Start importing Assets/01.Scenes using Guid(f7cb1cae95f5b90419d7692bf0b56095) Importer(815301076,1909f56bfc062723c751e8b465ee728b)  -> (artifact id: 'df79af545a91caece3fd30a732c9d3a4') in 0.002298 seconds
  Import took 0.004385 seconds .

========================================================================
Received Import Request.
  Time since last request: 0.000423 seconds.
  path: Assets/01.Scenes
  artifactKey: Guid(f7cb1cae95f5b90419d7692bf0b56095) Importer(815301076,1909f56bfc062723c751e8b465ee728b)
Start importing Assets/01.Scenes using Guid(f7cb1cae95f5b90419d7692bf0b56095) Importer(815301076,1909f56bfc062723c751e8b465ee728b)  -> (artifact id: 'df79af545a91caece3fd30a732c9d3a4') in 0.002208 seconds
  Import took 0.004241 seconds .

========================================================================
Received Import Request.
  Time since last request: 1.605762 seconds.
  path: Assets/01 1.Scenes
  artifactKey: Guid(2a39c7e9e386fae49b1304c7680db019) Importer(815301076,1909f56bfc062723c751e8b465ee728b)
Start importing Assets/01 1.Scenes using Guid(2a39c7e9e386fae49b1304c7680db019) Importer(815301076,1909f56bfc062723c751e8b465ee728b)  -> (artifact id: '90c5bc66b4276a313738f6340e4b0b05') in 0.002520 seconds
  Import took 0.004635 seconds .

========================================================================
Received Import Request.
  Time since last request: 0.000408 seconds.
  path: Assets/01 1.Scenes
  artifactKey: Guid(2a39c7e9e386fae49b1304c7680db019) Importer(815301076,1909f56bfc062723c751e8b465ee728b)
Start importing Assets/01 1.Scenes using Guid(2a39c7e9e386fae49b1304c7680db019) Importer(815301076,1909f56bfc062723c751e8b465ee728b)  -> (artifact id: '90c5bc66b4276a313738f6340e4b0b05') in 0.001999 seconds
  Import took 0.003945 seconds .

========================================================================
Received Import Request.
  Time since last request: 6.749487 seconds.
  path: Assets/02.Scripts
  artifactKey: Guid(2a39c7e9e386fae49b1304c7680db019) Importer(815301076,1909f56bfc062723c751e8b465ee728b)
Start importing Assets/02.Scripts using Guid(2a39c7e9e386fae49b1304c7680db019) Importer(815301076,1909f56bfc062723c751e8b465ee728b)  -> (artifact id: 'd7ee61515cf582dedcd0cdf6d1179072') in 0.002572 seconds
  Import took 0.004666 seconds .

AssetImportWorkerClient::OnTransportError - code=2 error=End of file
