Using pre-set license
Built from '2020.3/staging' branch; Version is '2020.3.9f1 (108be757e447) revision 1084391'; Using compiler version '192528614'; Build Type 'Release'
OS: 'Windows 10 Pro; OS build 19044.2364; Version 2009; 64bit' Language: 'ko' Physical Memory: 16243 MB
BatchMode: 1, IsHumanControllingUs: 0, StartBugReporterOnCrash: 0, Is64bit: 1, IsPro: 0

 COMMAND LINE ARGUMENTS:
C:\Program Files\Unity\Hub\Editor\2020.3.9f1\Editor\Unity.exe
-adb2
-batchMode
-noUpm
-name
AssetImportWorker0
-projectPath
D:/GitHub/SeaMe/SeaMeProjectFile
-logFile
Logs/AssetImportWorker0.log
-srvPort
58130
Successfully changed project path to: D:/GitHub/SeaMe/SeaMeProjectFile
D:/GitHub/SeaMe/SeaMeProjectFile
Using Asset Import Pipeline V2.
Refreshing native plugins compatible for Editor in 38.18 ms, found 4 plugins.
Preloading 0 native plugins for Editor in 0.00 ms.
Initialize engine version: 2020.3.9f1 (108be757e447)
[Subsystems] Discovering subsystems at path C:/Program Files/Unity/Hub/Editor/2020.3.9f1/Editor/Data/Resources/UnitySubsystems
[Subsystems] Discovering subsystems at path D:/GitHub/SeaMe/SeaMeProjectFile/Assets
GfxDevice: creating device client; threaded=0
Direct3D:
    Version:  Direct3D 11.0 [level 11.1]
    Renderer: NVIDIA GeForce RTX 3060 (ID=0x2487)
    Vendor:   
    VRAM:     12137 MB
    Driver:   31.0.15.1694
Initialize mono
Mono path[0] = 'C:/Program Files/Unity/Hub/Editor/2020.3.9f1/Editor/Data/Managed'
Mono path[1] = 'C:/Program Files/Unity/Hub/Editor/2020.3.9f1/Editor/Data/MonoBleedingEdge/lib/mono/unityjit'
Mono config path = 'C:/Program Files/Unity/Hub/Editor/2020.3.9f1/Editor/Data/MonoBleedingEdge/etc'
Using monoOptions --debugger-agent=transport=dt_socket,embedding=1,server=y,suspend=n,address=127.0.0.1:56592
Begin MonoManager ReloadAssembly
Registering precompiled unity dll's ...
Register platform support module: C:/Program Files/Unity/Hub/Editor/2020.3.9f1/Editor/Data/PlaybackEngines/WindowsStandaloneSupport/UnityEditor.WindowsStandalone.Extensions.dll
Registered in 0.001968 seconds.
Native extension for WindowsStandalone target not found
Refreshing native plugins compatible for Editor in 29.18 ms, found 4 plugins.
Preloading 0 native plugins for Editor in 0.00 ms.
Mono: successfully reloaded assembly
- Completed reload, in  0.764 seconds
Platform modules already initialized, skipping
Registering precompiled user dll's ...
Registered in 0.016300 seconds.
Begin MonoManager ReloadAssembly
Native extension for WindowsStandalone target not found
Refreshing native plugins compatible for Editor in 28.65 ms, found 4 plugins.
Preloading 0 native plugins for Editor in 0.00 ms.
System.NullReferenceException: Object reference not set to an instance of an object
  at ZEPETO.World.Editor.WorldEditorSettings.IsZaizai () [0x00014] in <6925c5d79585440db34f9ddf9d7d619d>:0 
  at ZEPETO.World.Editor.WorldEditorSettings.SelectDevelopment () [0x00000] in <6925c5d79585440db34f9ddf9d7d619d>:0 
  at ZEPETO.World.Editor.WorldEditorSettings.get_Development () [0x0000d] in <6925c5d79585440db34f9ddf9d7d619d>:0 
  at ZEPETO.World.Editor.WorldEditorSettings.get_BuiltinSettings () [0x00000] in <6925c5d79585440db34f9ddf9d7d619d>:0 
  at ZEPETO.World.Editor.WorldEditorSettings.get_ActiveSetting () [0x00023] in <6925c5d79585440db34f9ddf9d7d619d>:0 
  at ZEPETO.World.Common.APIHostEditor..ctor () [0x00006] in <1a219a6a8cd249cba8ce1420b658e55e>:0 
  at ZEPETO.World.Common.APIHostInitializer..cctor () [0x00000] in <1a219a6a8cd249cba8ce1420b658e55e>:0 
UnityEngine.StackTraceUtility:ExtractStackTrace ()
UnityEngine.DebugLogHandler:LogFormat (UnityEngine.LogType,UnityEngine.Object,string,object[])
UnityEngine.Logger:Log (UnityEngine.LogType,object)
UnityEngine.Debug:LogError (object)
UnityEditor.EditorAssemblies:ProcessInitializeOnLoadAttributes (System.Type[])

NullReferenceException: Object reference not set to an instance of an object
  at ZEPETO.World.Editor.WorldEditorSettings.IsZaizai () [0x00014] in <6925c5d79585440db34f9ddf9d7d619d>:0 
  at ZEPETO.World.Editor.WorldEditorSettings.SelectDevelopment () [0x00000] in <6925c5d79585440db34f9ddf9d7d619d>:0 
  at ZEPETO.World.Editor.WorldEditorSettings.get_Development () [0x0000d] in <6925c5d79585440db34f9ddf9d7d619d>:0 
  at ZEPETO.World.Editor.WorldEditorSettings.get_BuiltinSettings () [0x00000] in <6925c5d79585440db34f9ddf9d7d619d>:0 
  at ZEPETO.World.Editor.WorldEditorSettings.get_ActiveSetting () [0x00023] in <6925c5d79585440db34f9ddf9d7d619d>:0 
  at ZEPETO.World.Editor.WorldEnvironmentInitializer.MultiplaySettingInitialize () [0x00000] in <b7e804905f82492689de926bcbeea70f>:0 
  at ZEPETO.World.Editor.WorldEnvironmentInitializer.InitializeOnLoadMethod () [0x00033] in <b7e804905f82492689de926bcbeea70f>:0 

NullReferenceException: Object reference not set to an instance of an object
  at ZEPETO.World.Editor.WorldEditorSettings.IsZaizai () [0x00014] in <6925c5d79585440db34f9ddf9d7d619d>:0 
  at ZEPETO.World.Editor.WorldEditorSettings.SelectDevelopment () [0x00000] in <6925c5d79585440db34f9ddf9d7d619d>:0 
  at ZEPETO.World.Editor.WorldEditorSettings.get_Development () [0x0000d] in <6925c5d79585440db34f9ddf9d7d619d>:0 
  at ZEPETO.World.Editor.WorldEditorSettings.get_BuiltinSettings () [0x00000] in <6925c5d79585440db34f9ddf9d7d619d>:0 
  at ZEPETO.World.Editor.WorldEditorSettings.get_ActiveSetting () [0x00023] in <6925c5d79585440db34f9ddf9d7d619d>:0 
  at ZEPETO.World.Editor.ForbiddenTypes.LoadForbiddenTypes () [0x0000a] in <b7e804905f82492689de926bcbeea70f>:0 
  at ZEPETO.World.Editor.ForbiddenTypes.Initialize () [0x00047] in <b7e804905f82492689de926bcbeea70f>:0 

NullReferenceException: Object reference not set to an instance of an object
  at ZEPETO.World.Editor.WorldPackageEditorUtils.GetDeserializedWorldPackageInfo () [0x00014] in <b7e804905f82492689de926bcbeea70f>:0 
  at ZEPETO.World.Editor.WorldPackageEditorUtils.GetFieldValue[T] (System.String field) [0x00000] in <b7e804905f82492689de926bcbeea70f>:0 
  at ZEPETO.World.Editor.WorldPackageEditorUtils.get_ZepetoMinVersion () [0x00000] in <b7e804905f82492689de926bcbeea70f>:0 
  at ZEPETO.World.Editor.Editor.WorldEditorInitializer.EditorInitializer () [0x00000] in <b7e804905f82492689de926bcbeea70f>:0 

Mono: successfully reloaded assembly
- Completed reload, in  0.759 seconds
Platform modules already initialized, skipping
========================================================================
Worker process is ready to serve import requests
Launched and connected shader compiler UnityShaderCompiler.exe after 0.03 seconds
Refreshing native plugins compatible for Editor in 0.51 ms, found 4 plugins.
Preloading 0 native plugins for Editor in 0.00 ms.
Unloading 1894 Unused Serialized files (Serialized files now loaded: 0)
System memory in use before: 96.0 MB.
System memory in use after: 96.1 MB.

Unloading 80 unused Assets to reduce memory usage. Loaded Objects now: 2424.
Total: 1.429700 ms (FindLiveObjects: 0.112100 ms CreateObjectMapping: 0.031800 ms MarkObjects: 1.202300 ms  DeleteObjects: 0.082300 ms)

========================================================================
Received Import Request.
  path: Assets/SampleScene.unity
  artifactKey: Guid(4950a937a613549baa198138952cae55) Importer(815301076,1909f56bfc062723c751e8b465ee728b)
Start importing Assets/SampleScene.unity using Guid(4950a937a613549baa198138952cae55) Importer(815301076,1909f56bfc062723c751e8b465ee728b)  -> (artifact id: '04eeb4742f32ac784fe35fc4c489eb39') in 0.011418 seconds
  Import took 0.013554 seconds .

========================================================================
Received Import Request.
  Time since last request: 35.463006 seconds.
  path: Assets/02.Scripts
  artifactKey: Guid(2a39c7e9e386fae49b1304c7680db019) Importer(815301076,1909f56bfc062723c751e8b465ee728b)
Start importing Assets/02.Scripts using Guid(2a39c7e9e386fae49b1304c7680db019) Importer(815301076,1909f56bfc062723c751e8b465ee728b)  -> (artifact id: '04de93291934cbda01a5f03f6c77f947') in 0.002633 seconds
  Import took 0.005493 seconds .

========================================================================
Received Prepare
Registering precompiled user dll's ...
Registered in 0.016409 seconds.
Begin MonoManager ReloadAssembly
Native extension for WindowsStandalone target not found
Refreshing native plugins compatible for Editor in 0.52 ms, found 4 plugins.
Preloading 0 native plugins for Editor in 0.00 ms.
System.NullReferenceException: Object reference not set to an instance of an object
  at ZEPETO.World.Editor.WorldEditorSettings.IsZaizai () [0x00014] in <6925c5d79585440db34f9ddf9d7d619d>:0 
  at ZEPETO.World.Editor.WorldEditorSettings.SelectDevelopment () [0x00000] in <6925c5d79585440db34f9ddf9d7d619d>:0 
  at ZEPETO.World.Editor.WorldEditorSettings.get_Development () [0x0000d] in <6925c5d79585440db34f9ddf9d7d619d>:0 
  at ZEPETO.World.Editor.WorldEditorSettings.get_BuiltinSettings () [0x00000] in <6925c5d79585440db34f9ddf9d7d619d>:0 
  at ZEPETO.World.Editor.WorldEditorSettings.get_ActiveSetting () [0x00023] in <6925c5d79585440db34f9ddf9d7d619d>:0 
  at ZEPETO.World.Common.APIHostEditor..ctor () [0x00006] in <1a219a6a8cd249cba8ce1420b658e55e>:0 
  at ZEPETO.World.Common.APIHostInitializer..cctor () [0x00000] in <1a219a6a8cd249cba8ce1420b658e55e>:0 
UnityEngine.StackTraceUtility:ExtractStackTrace ()
UnityEngine.DebugLogHandler:LogFormat (UnityEngine.LogType,UnityEngine.Object,string,object[])
UnityEngine.Logger:Log (UnityEngine.LogType,object)
UnityEngine.Debug:LogError (object)
UnityEditor.EditorAssemblies:ProcessInitializeOnLoadAttributes (System.Type[])

NullReferenceException: Object reference not set to an instance of an object
  at ZEPETO.World.Editor.WorldEditorSettings.IsZaizai () [0x00014] in <6925c5d79585440db34f9ddf9d7d619d>:0 
  at ZEPETO.World.Editor.WorldEditorSettings.SelectDevelopment () [0x00000] in <6925c5d79585440db34f9ddf9d7d619d>:0 
  at ZEPETO.World.Editor.WorldEditorSettings.get_Development () [0x0000d] in <6925c5d79585440db34f9ddf9d7d619d>:0 
  at ZEPETO.World.Editor.WorldEditorSettings.get_BuiltinSettings () [0x00000] in <6925c5d79585440db34f9ddf9d7d619d>:0 
  at ZEPETO.World.Editor.WorldEditorSettings.get_ActiveSetting () [0x00023] in <6925c5d79585440db34f9ddf9d7d619d>:0 
  at ZEPETO.World.Editor.WorldEnvironmentInitializer.MultiplaySettingInitialize () [0x00000] in <b7e804905f82492689de926bcbeea70f>:0 
  at ZEPETO.World.Editor.WorldEnvironmentInitializer.InitializeOnLoadMethod () [0x00033] in <b7e804905f82492689de926bcbeea70f>:0 

NullReferenceException: Object reference not set to an instance of an object
  at ZEPETO.World.Editor.WorldEditorSettings.IsZaizai () [0x00014] in <6925c5d79585440db34f9ddf9d7d619d>:0 
  at ZEPETO.World.Editor.WorldEditorSettings.SelectDevelopment () [0x00000] in <6925c5d79585440db34f9ddf9d7d619d>:0 
  at ZEPETO.World.Editor.WorldEditorSettings.get_Development () [0x0000d] in <6925c5d79585440db34f9ddf9d7d619d>:0 
  at ZEPETO.World.Editor.WorldEditorSettings.get_BuiltinSettings () [0x00000] in <6925c5d79585440db34f9ddf9d7d619d>:0 
  at ZEPETO.World.Editor.WorldEditorSettings.get_ActiveSetting () [0x00023] in <6925c5d79585440db34f9ddf9d7d619d>:0 
  at ZEPETO.World.Editor.ForbiddenTypes.LoadForbiddenTypes () [0x0000a] in <b7e804905f82492689de926bcbeea70f>:0 
  at ZEPETO.World.Editor.ForbiddenTypes.Initialize () [0x00047] in <b7e804905f82492689de926bcbeea70f>:0 

NullReferenceException: Object reference not set to an instance of an object
  at ZEPETO.World.Editor.WorldPackageEditorUtils.GetDeserializedWorldPackageInfo () [0x00014] in <b7e804905f82492689de926bcbeea70f>:0 
  at ZEPETO.World.Editor.WorldPackageEditorUtils.GetFieldValue[T] (System.String field) [0x00000] in <b7e804905f82492689de926bcbeea70f>:0 
  at ZEPETO.World.Editor.WorldPackageEditorUtils.get_ZepetoMinVersion () [0x00000] in <b7e804905f82492689de926bcbeea70f>:0 
  at ZEPETO.World.Editor.Editor.WorldEditorInitializer.EditorInitializer () [0x00000] in <b7e804905f82492689de926bcbeea70f>:0 

Mono: successfully reloaded assembly
- Completed reload, in  0.697 seconds
Platform modules already initialized, skipping
Refreshing native plugins compatible for Editor in 0.50 ms, found 4 plugins.
Preloading 0 native plugins for Editor in 0.00 ms.
Unloading 1842 Unused Serialized files (Serialized files now loaded: 0)
System memory in use before: 91.4 MB.
System memory in use after: 91.5 MB.

Unloading 73 unused Assets to reduce memory usage. Loaded Objects now: 2428.
Total: 1.269300 ms (FindLiveObjects: 0.100800 ms CreateObjectMapping: 0.028900 ms MarkObjects: 1.112300 ms  DeleteObjects: 0.026500 ms)

========================================================================
Received Import Request.
  Time since last request: 18.052955 seconds.
  path: Assets/02.Scripts/NewBehaviourScript.cs
  artifactKey: Guid(8e5fb97e07e250e4da2a795ba5d93eee) Importer(815301076,1909f56bfc062723c751e8b465ee728b)
Start importing Assets/02.Scripts/NewBehaviourScript.cs using Guid(8e5fb97e07e250e4da2a795ba5d93eee) Importer(815301076,1909f56bfc062723c751e8b465ee728b)  -> (artifact id: '9229b3dcbb13c66a8f67c71cf1277da3') in 0.019446 seconds
  Import took 0.021553 seconds .

========================================================================
Received Prepare
Registering precompiled user dll's ...
Registered in 0.015200 seconds.
Begin MonoManager ReloadAssembly
Native extension for WindowsStandalone target not found
Refreshing native plugins compatible for Editor in 0.52 ms, found 4 plugins.
Preloading 0 native plugins for Editor in 0.00 ms.
System.NullReferenceException: Object reference not set to an instance of an object
  at ZEPETO.World.Editor.WorldEditorSettings.IsZaizai () [0x00014] in <6925c5d79585440db34f9ddf9d7d619d>:0 
  at ZEPETO.World.Editor.WorldEditorSettings.SelectDevelopment () [0x00000] in <6925c5d79585440db34f9ddf9d7d619d>:0 
  at ZEPETO.World.Editor.WorldEditorSettings.get_Development () [0x0000d] in <6925c5d79585440db34f9ddf9d7d619d>:0 
  at ZEPETO.World.Editor.WorldEditorSettings.get_BuiltinSettings () [0x00000] in <6925c5d79585440db34f9ddf9d7d619d>:0 
  at ZEPETO.World.Editor.WorldEditorSettings.get_ActiveSetting () [0x00023] in <6925c5d79585440db34f9ddf9d7d619d>:0 
  at ZEPETO.World.Common.APIHostEditor..ctor () [0x00006] in <1a219a6a8cd249cba8ce1420b658e55e>:0 
  at ZEPETO.World.Common.APIHostInitializer..cctor () [0x00000] in <1a219a6a8cd249cba8ce1420b658e55e>:0 
UnityEngine.StackTraceUtility:ExtractStackTrace ()
UnityEngine.DebugLogHandler:LogFormat (UnityEngine.LogType,UnityEngine.Object,string,object[])
UnityEngine.Logger:Log (UnityEngine.LogType,object)
UnityEngine.Debug:LogError (object)
UnityEditor.EditorAssemblies:ProcessInitializeOnLoadAttributes (System.Type[])

NullReferenceException: Object reference not set to an instance of an object
  at ZEPETO.World.Editor.WorldEditorSettings.IsZaizai () [0x00014] in <6925c5d79585440db34f9ddf9d7d619d>:0 
  at ZEPETO.World.Editor.WorldEditorSettings.SelectDevelopment () [0x00000] in <6925c5d79585440db34f9ddf9d7d619d>:0 
  at ZEPETO.World.Editor.WorldEditorSettings.get_Development () [0x0000d] in <6925c5d79585440db34f9ddf9d7d619d>:0 
  at ZEPETO.World.Editor.WorldEditorSettings.get_BuiltinSettings () [0x00000] in <6925c5d79585440db34f9ddf9d7d619d>:0 
  at ZEPETO.World.Editor.WorldEditorSettings.get_ActiveSetting () [0x00023] in <6925c5d79585440db34f9ddf9d7d619d>:0 
  at ZEPETO.World.Editor.WorldEnvironmentInitializer.MultiplaySettingInitialize () [0x00000] in <b7e804905f82492689de926bcbeea70f>:0 
  at ZEPETO.World.Editor.WorldEnvironmentInitializer.InitializeOnLoadMethod () [0x00033] in <b7e804905f82492689de926bcbeea70f>:0 

NullReferenceException: Object reference not set to an instance of an object
  at ZEPETO.World.Editor.WorldEditorSettings.IsZaizai () [0x00014] in <6925c5d79585440db34f9ddf9d7d619d>:0 
  at ZEPETO.World.Editor.WorldEditorSettings.SelectDevelopment () [0x00000] in <6925c5d79585440db34f9ddf9d7d619d>:0 
  at ZEPETO.World.Editor.WorldEditorSettings.get_Development () [0x0000d] in <6925c5d79585440db34f9ddf9d7d619d>:0 
  at ZEPETO.World.Editor.WorldEditorSettings.get_BuiltinSettings () [0x00000] in <6925c5d79585440db34f9ddf9d7d619d>:0 
  at ZEPETO.World.Editor.WorldEditorSettings.get_ActiveSetting () [0x00023] in <6925c5d79585440db34f9ddf9d7d619d>:0 
  at ZEPETO.World.Editor.ForbiddenTypes.LoadForbiddenTypes () [0x0000a] in <b7e804905f82492689de926bcbeea70f>:0 
  at ZEPETO.World.Editor.ForbiddenTypes.Initialize () [0x00047] in <b7e804905f82492689de926bcbeea70f>:0 

NullReferenceException: Object reference not set to an instance of an object
  at ZEPETO.World.Editor.WorldPackageEditorUtils.GetDeserializedWorldPackageInfo () [0x00014] in <b7e804905f82492689de926bcbeea70f>:0 
  at ZEPETO.World.Editor.WorldPackageEditorUtils.GetFieldValue[T] (System.String field) [0x00000] in <b7e804905f82492689de926bcbeea70f>:0 
  at ZEPETO.World.Editor.WorldPackageEditorUtils.get_ZepetoMinVersion () [0x00000] in <b7e804905f82492689de926bcbeea70f>:0 
  at ZEPETO.World.Editor.Editor.WorldEditorInitializer.EditorInitializer () [0x00000] in <b7e804905f82492689de926bcbeea70f>:0 

Mono: successfully reloaded assembly
- Completed reload, in  0.695 seconds
Platform modules already initialized, skipping
Refreshing native plugins compatible for Editor in 0.50 ms, found 4 plugins.
Preloading 0 native plugins for Editor in 0.00 ms.
Unloading 1843 Unused Serialized files (Serialized files now loaded: 0)
System memory in use before: 91.5 MB.
System memory in use after: 91.6 MB.

Unloading 73 unused Assets to reduce memory usage. Loaded Objects now: 2432.
Total: 1.249700 ms (FindLiveObjects: 0.096500 ms CreateObjectMapping: 0.030200 ms MarkObjects: 1.095900 ms  DeleteObjects: 0.026400 ms)

========================================================================
Received Import Request.
  Time since last request: 49.904994 seconds.
  path: Assets/02.Scripts/NewBehaviourScript12.cs
  artifactKey: Guid(f9d9f69fcd1a8e84e88028caac63e509) Importer(815301076,1909f56bfc062723c751e8b465ee728b)
Start importing Assets/02.Scripts/NewBehaviourScript12.cs using Guid(f9d9f69fcd1a8e84e88028caac63e509) Importer(815301076,1909f56bfc062723c751e8b465ee728b)  -> (artifact id: '391aee1f5e9ead45563d278b59c6dab1') in 0.004947 seconds
  Import took 0.007319 seconds .

========================================================================
Received Import Request.
  Time since last request: 0.000494 seconds.
  path: Assets/02.Scripts/NewBehaviourScript12.cs
  artifactKey: Guid(f9d9f69fcd1a8e84e88028caac63e509) Importer(815301076,1909f56bfc062723c751e8b465ee728b)
Start importing Assets/02.Scripts/NewBehaviourScript12.cs using Guid(f9d9f69fcd1a8e84e88028caac63e509) Importer(815301076,1909f56bfc062723c751e8b465ee728b)  -> (artifact id: '391aee1f5e9ead45563d278b59c6dab1') in 0.002203 seconds
  Import took 0.004178 seconds .

AssetImportWorkerClient::OnTransportError - code=2 error=End of file
